{"contracts/HashtagMetadataProxy.sol":{"l":{"14":0,"15":0,"17":0,"18":0,"19":0,"23":0,"24":0,"26":0,"27":0,"29":0,"34":0,"38":1},"path":"/Users/edu/SwarmCity/HashtagMetadataProxy/contracts/HashtagMetadataProxy.sol","s":{"1":0,"2":0,"3":0,"4":0,"5":0,"6":0,"7":0,"8":0,"9":0,"10":0,"11":0,"12":1},"b":{"1":[0,0],"2":[0,0],"3":[0,0],"4":[0,0]},"f":{"1":0,"2":0,"3":0,"4":1},"fnMap":{"1":{"name":"setHashtag","line":13,"loc":{"start":{"line":13,"column":4},"end":{"line":13,"column":73}}},"2":{"name":"generateIPFSEvent","line":22,"loc":{"start":{"line":22,"column":4},"end":{"line":22,"column":70}}},"3":{"name":"getHashtagMetadata","line":33,"loc":{"start":{"line":33,"column":4},"end":{"line":33,"column":72}}},"4":{"name":"setTTL","line":37,"loc":{"start":{"line":37,"column":4},"end":{"line":37,"column":45}}}},"statementMap":{"1":{"start":{"line":14,"column":8},"end":{"line":14,"column":40}},"2":{"start":{"line":15,"column":8},"end":{"line":15,"column":93}},"3":{"start":{"line":17,"column":8},"end":{"line":17,"column":42}},"4":{"start":{"line":18,"column":8},"end":{"line":18,"column":43}},"5":{"start":{"line":19,"column":8},"end":{"line":19,"column":35}},"6":{"start":{"line":23,"column":8},"end":{"line":23,"column":723}},"7":{"start":{"line":24,"column":12},"end":{"line":24,"column":55}},"8":{"start":{"line":26,"column":12},"end":{"line":26,"column":850}},"9":{"start":{"line":27,"column":16},"end":{"line":27,"column":59}},"10":{"start":{"line":29,"column":12},"end":{"line":29,"column":48}},"11":{"start":{"line":34,"column":8},"end":{"line":34,"column":30}},"12":{"start":{"line":38,"column":8},"end":{"line":38,"column":24}}},"branchMap":{"1":{"line":14,"type":"if","locations":[{"start":{"line":14,"column":8},"end":{"line":14,"column":8}},{"start":{"line":14,"column":8},"end":{"line":14,"column":8}}]},"2":{"line":15,"type":"if","locations":[{"start":{"line":15,"column":8},"end":{"line":15,"column":8}},{"start":{"line":15,"column":8},"end":{"line":15,"column":8}}]},"3":{"line":23,"type":"if","locations":[{"start":{"line":23,"column":8},"end":{"line":23,"column":8}},{"start":{"line":23,"column":8},"end":{"line":23,"column":8}}]},"4":{"line":26,"type":"if","locations":[{"start":{"line":26,"column":12},"end":{"line":26,"column":12}},{"start":{"line":26,"column":12},"end":{"line":26,"column":12}}]}}},"contracts/IPFSEvents.sol":{"l":{},"path":"/Users/edu/SwarmCity/HashtagMetadataProxy/contracts/IPFSEvents.sol","s":{},"b":{},"f":{},"fnMap":{},"statementMap":{},"branchMap":{}},"contracts/Ownable.sol":{"l":{"18":1,"25":1,"26":1,"34":0,"35":0,"36":0},"path":"/Users/edu/SwarmCity/HashtagMetadataProxy/contracts/Ownable.sol","s":{"1":1,"2":1,"3":0,"4":0,"5":0},"b":{"1":[1,0],"2":[0,0]},"f":{"1":1,"2":1,"3":0},"fnMap":{"1":{"name":"Ownable","line":17,"loc":{"start":{"line":17,"column":4},"end":{"line":17,"column":27}}},"2":{"name":"onlyOwner","line":24,"loc":{"start":{"line":24,"column":4},"end":{"line":24,"column":22}}},"3":{"name":"transferOwnership","line":33,"loc":{"start":{"line":33,"column":4},"end":{"line":33,"column":63}}}},"statementMap":{"1":{"start":{"line":18,"column":8},"end":{"line":18,"column":25}},"2":{"start":{"line":25,"column":8},"end":{"line":25,"column":35}},"3":{"start":{"line":34,"column":8},"end":{"line":34,"column":38}},"4":{"start":{"line":35,"column":8},"end":{"line":35,"column":44}},"5":{"start":{"line":36,"column":8},"end":{"line":36,"column":23}}},"branchMap":{"1":{"line":25,"type":"if","locations":[{"start":{"line":25,"column":8},"end":{"line":25,"column":8}},{"start":{"line":25,"column":8},"end":{"line":25,"column":8}}]},"2":{"line":34,"type":"if","locations":[{"start":{"line":34,"column":8},"end":{"line":34,"column":8}},{"start":{"line":34,"column":8},"end":{"line":34,"column":8}}]}}}}