{"contracts/HashtagProxy.sol":{"l":{"14":6,"15":4,"17":3,"18":3,"19":3,"23":3,"24":1,"26":2,"27":1,"29":2,"34":10,"38":1},"path":"/Users/edu/SwarmCity/HashtagMetadataProxy/contracts/HashtagProxy.sol","s":{"1":6,"2":4,"3":3,"4":3,"5":3,"6":3,"7":1,"8":2,"9":1,"10":2,"11":10,"12":1},"b":{"1":[4,2],"2":[3,1],"3":[1,2],"4":[1,1]},"f":{"1":6,"2":3,"3":10,"4":1},"fnMap":{"1":{"name":"setHashtag","line":13,"loc":{"start":{"line":13,"column":4},"end":{"line":13,"column":73}}},"2":{"name":"generateIPFSEvent","line":22,"loc":{"start":{"line":22,"column":4},"end":{"line":22,"column":80}}},"3":{"name":"getHashtagMetadata","line":33,"loc":{"start":{"line":33,"column":4},"end":{"line":33,"column":72}}},"4":{"name":"setTTL","line":37,"loc":{"start":{"line":37,"column":4},"end":{"line":37,"column":45}}}},"statementMap":{"1":{"start":{"line":14,"column":8},"end":{"line":14,"column":40}},"2":{"start":{"line":15,"column":8},"end":{"line":15,"column":93}},"3":{"start":{"line":17,"column":8},"end":{"line":17,"column":42}},"4":{"start":{"line":18,"column":8},"end":{"line":18,"column":35}},"5":{"start":{"line":19,"column":8},"end":{"line":19,"column":35}},"6":{"start":{"line":23,"column":8},"end":{"line":23,"column":709}},"7":{"start":{"line":24,"column":12},"end":{"line":24,"column":55}},"8":{"start":{"line":26,"column":12},"end":{"line":26,"column":836}},"9":{"start":{"line":27,"column":16},"end":{"line":27,"column":59}},"10":{"start":{"line":29,"column":12},"end":{"line":29,"column":48}},"11":{"start":{"line":34,"column":8},"end":{"line":34,"column":30}},"12":{"start":{"line":38,"column":8},"end":{"line":38,"column":24}}},"branchMap":{"1":{"line":14,"type":"if","locations":[{"start":{"line":14,"column":8},"end":{"line":14,"column":8}},{"start":{"line":14,"column":8},"end":{"line":14,"column":8}}]},"2":{"line":15,"type":"if","locations":[{"start":{"line":15,"column":8},"end":{"line":15,"column":8}},{"start":{"line":15,"column":8},"end":{"line":15,"column":8}}]},"3":{"line":23,"type":"if","locations":[{"start":{"line":23,"column":8},"end":{"line":23,"column":8}},{"start":{"line":23,"column":8},"end":{"line":23,"column":8}}]},"4":{"line":26,"type":"if","locations":[{"start":{"line":26,"column":12},"end":{"line":26,"column":12}},{"start":{"line":26,"column":12},"end":{"line":26,"column":12}}]}}},"contracts/IPFSEvents.sol":{"l":{},"path":"/Users/edu/SwarmCity/HashtagMetadataProxy/contracts/IPFSEvents.sol","s":{},"b":{},"f":{},"fnMap":{},"statementMap":{},"branchMap":{}},"contracts/Ownable.sol":{"l":{"18":1,"25":14,"26":12,"34":2,"35":1,"36":1},"path":"/Users/edu/SwarmCity/HashtagMetadataProxy/contracts/Ownable.sol","s":{"1":1,"2":14,"3":2,"4":1,"5":1},"b":{"1":[12,2],"2":[1,1]},"f":{"1":1,"2":14,"3":2},"fnMap":{"1":{"name":"Ownable","line":17,"loc":{"start":{"line":17,"column":4},"end":{"line":17,"column":27}}},"2":{"name":"onlyOwner","line":24,"loc":{"start":{"line":24,"column":4},"end":{"line":24,"column":22}}},"3":{"name":"transferOwnership","line":33,"loc":{"start":{"line":33,"column":4},"end":{"line":33,"column":63}}}},"statementMap":{"1":{"start":{"line":18,"column":8},"end":{"line":18,"column":25}},"2":{"start":{"line":25,"column":8},"end":{"line":25,"column":35}},"3":{"start":{"line":34,"column":8},"end":{"line":34,"column":38}},"4":{"start":{"line":35,"column":8},"end":{"line":35,"column":44}},"5":{"start":{"line":36,"column":8},"end":{"line":36,"column":23}}},"branchMap":{"1":{"line":25,"type":"if","locations":[{"start":{"line":25,"column":8},"end":{"line":25,"column":8}},{"start":{"line":25,"column":8},"end":{"line":25,"column":8}}]},"2":{"line":34,"type":"if","locations":[{"start":{"line":34,"column":8},"end":{"line":34,"column":8}},{"start":{"line":34,"column":8},"end":{"line":34,"column":8}}]}}}}